<?xml version="1.0" encoding="UTF-8"?>
<!-- Generated by org.testng.reporters.JUnitReportReporter -->
<testsuite hostname="DESKTOP-DV5D261" failures="0" tests="1" name="TestPackage.VerifySignINButton" time="26.882" errors="0" timestamp="2021-10-14T01:58:37 IST" skipped="0">
  <testcase classname="TestPackage.VerifySignINButton" name="TestA" time="26.882"/>
  <system-out/>
</testsuite> <!-- TestPackage.VerifySignINButton -->
